# Nmap 7.80 scan initiated Tue Mar  9 11:42:33 2021 as: nmap -sV --script ssl-enum-ciphers -p 4443 -oN nmap_medium_anull.log 172.X.X.1
Nmap scan report for TP-X250 (172.X.X.1)
Host is up (0.00012s latency).

PORT     STATE SERVICE     VERSION
4443/tcp open  ssl/pharos?
| ssl-enum-ciphers: 
|   TLSv1.0: 
|     ciphers: 
|       TLS_DHE_RSA_WITH_SEED_CBC_SHA (dh 2048) - A
|       TLS_DH_anon_WITH_SEED_CBC_SHA - F
|       TLS_RSA_WITH_SEED_CBC_SHA (rsa 2048) - A
|       TLS_ECDHE_RSA_WITH_3DES_EDE_CBC_SHA (secp256r1) - C
|       TLS_DHE_RSA_WITH_3DES_EDE_CBC_SHA (dh 2048) - C
|       TLS_ECDH_anon_WITH_3DES_EDE_CBC_SHA - F
|       TLS_DH_anon_WITH_3DES_EDE_CBC_SHA - F
|       TLS_RSA_WITH_3DES_EDE_CBC_SHA (rsa 2048) - C
|       TLS_RSA_WITH_IDEA_CBC_SHA (rsa 2048) - A
|       TLS_ECDHE_RSA_WITH_RC4_128_SHA (secp256r1) - C
|       TLS_ECDH_anon_WITH_RC4_128_SHA - F
|       TLS_DH_anon_WITH_RC4_128_MD5 - F
|       TLS_RSA_WITH_RC4_128_SHA (rsa 2048) - C
|       TLS_RSA_WITH_RC4_128_MD5 (rsa 2048) - C
|       TLS_ECDH_anon_WITH_AES_256_CBC_SHA - F
|       TLS_DH_anon_WITH_AES_256_CBC_SHA - F
|       TLS_DH_anon_WITH_CAMELLIA_256_CBC_SHA - F
|       TLS_ECDH_anon_WITH_AES_128_CBC_SHA - F
|       TLS_DH_anon_WITH_AES_128_CBC_SHA - F
|       TLS_DH_anon_WITH_CAMELLIA_128_CBC_SHA - F
|       TLS_ECDH_anon_WITH_NULL_SHA - F
|     compressors: 
|       NULL
|     cipher preference: server
|     warnings: 
|       64-bit block cipher 3DES vulnerable to SWEET32 attack
|       64-bit block cipher IDEA vulnerable to SWEET32 attack
|       Broken cipher RC4 is deprecated by RFC 7465
|       Ciphersuite uses MD5 for message integrity
|_  least strength: F

Service detection performed. Please report any incorrect results at https://nmap.org/submit/ .
# Nmap done at Tue Mar  9 11:42:48 2021 -- 1 IP address (1 host up) scanned in 14.60 seconds
