$ openssl s_client -connect 127.0.0.1:4443
CONNECTED(00000003)
Can't use SSL_get_servername
depth=0 C = AU, ST = Some-State, O = Internet Widgits Pty Ltd, CN = dh-test.com
verify error:num=18:self signed certificate
verify return:1
depth=0 C = AU, ST = Some-State, O = Internet Widgits Pty Ltd, CN = dh-test.com
verify return:1
---
Certificate chain
 0 s:C = AU, ST = Some-State, O = Internet Widgits Pty Ltd, CN = dh-test.com
   i:C = AU, ST = Some-State, O = Internet Widgits Pty Ltd, CN = dh-test.com
---
Server certificate
-----BEGIN CERTIFICATE-----
MIICLTCCAZYCCQDHsNGf05e/MDANBgkqhkiG9w0BAQsFADBbMQswCQYDVQQGEwJB
VTETMBEGA1UECAwKU29tZS1TdGF0ZTEhMB8GA1UECgwYSW50ZXJuZXQgV2lkZ2l0
cyBQdHkgTHRkMRQwEgYDVQQDDAtkaC10ZXN0LmNvbTAeFw0yMTA1MTEwNjI5NTJa
Fw0yMjA1MTEwNjI5NTJaMFsxCzAJBgNVBAYTAkFVMRMwEQYDVQQIDApTb21lLVN0
YXRlMSEwHwYDVQQKDBhJbnRlcm5ldCBXaWRnaXRzIFB0eSBMdGQxFDASBgNVBAMM
C2RoLXRlc3QuY29tMIGfMA0GCSqGSIb3DQEBAQUAA4GNADCBiQKBgQCZgW+RKZHW
4JYecmFDZr4U/rvOE7sdb51HPLXSDrmfoTn/MUw4XNNOeY2GpyNeQa25vO1LnBjg
syU+tU7FG+++PTouPfzGkgkeyDCSBqUQ4QsrMZSb4HmZ0aLOpaNMlvXDZ1mxJpfk
5q/ywMIi6vVIDR1IEJxx5xf8YC6VWKjccQIDAQABMA0GCSqGSIb3DQEBCwUAA4GB
AAULNloClvX3BobBnRC4xBM9DhHJDmGkhwp4OM6H6MCafMZYE2t7L8qfxQCTsAI7
3VYPdJwZnOhEgrsGNNK5RdmB+TlHBtAbNw5Rb0oRPIKF0cnu3izENss8NB5rhhSj
DcwO+RL7HlbOzrs3WxSHH/pnD272ZLYK+VcXO5KVxkEC
-----END CERTIFICATE-----
subject=C = AU, ST = Some-State, O = Internet Widgits Pty Ltd, CN = dh-test.com

issuer=C = AU, ST = Some-State, O = Internet Widgits Pty Ltd, CN = dh-test.com

---
No client certificate CA names sent
Peer signing digest: SHA512
Peer signature type: RSA
Server Temp Key: DH, 1024 bits
---
SSL handshake has read 1305 bytes and written 483 bytes
Verification error: self signed certificate
---
New, TLSv1.2, Cipher is DHE-RSA-AES256-GCM-SHA384
Server public key is 1024 bit
Secure Renegotiation IS supported
Compression: NONE
Expansion: NONE
No ALPN negotiated
SSL-Session:
    Protocol  : TLSv1.2
    Cipher    : DHE-RSA-AES256-GCM-SHA384
    Session-ID: 3FCA47AF9A1568FCF4F8D9D3E250AB0AA0EA72752B357BA47BED1BD1FAE299A1
    Session-ID-ctx:
    Master-Key: C723F6C9EF4926B3501EE3D99F25B289D1883767873DF771B7A648956928DBBD0FDFCEED8E9B748EC21262F671D2AD78
    PSK identity: None
    PSK identity hint: None
    SRP username: None
    TLS session ticket lifetime hint: 300 (seconds)
    TLS session ticket:
    0000 - 05 0c 1b 6a 58 f1 4c 4a-71 74 7f 78 98 22 68 93   ...jX.LJqt.x."h.
    0010 - 4f 10 3c 9f f8 1e 11 ac-92 cc 6a 31 8f 6e 83 6f   O.<.......j1.n.o
    0020 - 4b a8 4a ef a9 7a 43 b1-10 5e bd ec 1b fd a9 84   K.J..zC..^......
    0030 - 9f 7f fb 8b 94 7f df 23-4b 71 a5 f0 c1 a0 86 61   .......#Kq.....a
    0040 - 87 4b a4 f0 b8 db af d2-d9 f5 0c 92 5b bd 37 fc   .K..........[.7.
    0050 - 13 08 7a f2 c0 ff 36 8b-21 84 af d6 7a 6f 92 39   ..z...6.!...zo.9
    0060 - bf fe 71 d7 a1 9f 64 47-7b 8f 01 9d 57 f9 1e 34   ..q...dG{...W..4
    0070 - 11 4a c5 13 88 55 03 09-cb 94 71 cb ad 39 f2 3b   .J...U....q..9.;
    0080 - c2 81 48 78 ba 29 f4 f5-e0 9e 77 c3 77 a7 b6 8a   ..Hx.)....w.w...
    0090 - c1 02 80 1b b6 1d ff e8-a1 35 3c 03 99 50 c7 d3   .........5<..P..
    00a0 - e8 96 ac 7f c4 e1 d9 c6-2c d1 00 4a b5 89 66 25   ........,..J..f%
    00b0 - 66 83 a3 ab f1 53 00 41-c5 b4 df e4 90 00 6e 0c   f....S.A......n.

    Start Time: 1620717308
    Timeout   : 7200 (sec)
    Verify return code: 18 (self signed certificate)
    Extended master secret: no
---
^C
