Testing SSL server 172.19.0.2 on port 443 using SNI name 172.19.0.2

  SSL/TLS Protocols:
SSLv2     disabled
SSLv3     disabled
TLSv1.0   enabled
TLSv1.1   enabled
TLSv1.2   enabled
TLSv1.3   disabled

  TLS Fallback SCSV:
Server supports TLS Fallback SCSV

  TLS renegotiation:
Secure session renegotiation supported

  TLS Compression:
Compression disabled

  Heartbleed:
TLSv1.2 not vulnerable to heartbleed
TLSv1.1 not vulnerable to heartbleed
TLSv1.0 not vulnerable to heartbleed

  Supported Server Cipher(s):
Preferred TLSv1.2  256 bits  DHE-RSA-AES256-GCM-SHA384     DHE 1024 bits
Accepted  TLSv1.2  256 bits  ADH-AES256-GCM-SHA384         DHE 1024 bits
Accepted  TLSv1.2  128 bits  DHE-RSA-AES128-GCM-SHA256     DHE 1024 bits
Accepted  TLSv1.2  128 bits  ADH-AES128-GCM-SHA256         DHE 1024 bits
Accepted  TLSv1.2  256 bits  DHE-RSA-AES256-SHA256         DHE 1024 bits
Accepted  TLSv1.2  256 bits  ADH-AES256-SHA256             DHE 1024 bits
Accepted  TLSv1.2  128 bits  DHE-RSA-AES128-SHA256         DHE 1024 bits
Accepted  TLSv1.2  128 bits  ADH-AES128-SHA256             DHE 1024 bits
Accepted  TLSv1.2  256 bits  DHE-RSA-AES256-SHA            DHE 1024 bits
Accepted  TLSv1.2  256 bits  DHE-RSA-CAMELLIA256-SHA       DHE 1024 bits
Accepted  TLSv1.2  256 bits  ADH-AES256-SHA                DHE 1024 bits
Accepted  TLSv1.2  256 bits  ADH-CAMELLIA256-SHA           DHE 1024 bits
Accepted  TLSv1.2  128 bits  DHE-RSA-AES128-SHA            DHE 1024 bits
Accepted  TLSv1.2  128 bits  DHE-RSA-SEED-SHA              DHE 1024 bits
Accepted  TLSv1.2  128 bits  DHE-RSA-CAMELLIA128-SHA       DHE 1024 bits
Accepted  TLSv1.2  128 bits  ADH-AES128-SHA                DHE 1024 bits
Accepted  TLSv1.2  128 bits  ADH-SEED-SHA                  DHE 1024 bits
Accepted  TLSv1.2  128 bits  ADH-CAMELLIA128-SHA           DHE 1024 bits
Accepted  TLSv1.2  128 bits  ADH-RC4-MD5                   DHE 1024 bits
Accepted  TLSv1.2  112 bits  DHE-RSA-DES-CBC3-SHA          DHE 1024 bits
Accepted  TLSv1.2  112 bits  ADH-DES-CBC3-SHA              DHE 1024 bits
Preferred TLSv1.1  256 bits  DHE-RSA-AES256-SHA            DHE 1024 bits
Accepted  TLSv1.1  256 bits  DHE-RSA-CAMELLIA256-SHA       DHE 1024 bits
Accepted  TLSv1.1  256 bits  ADH-AES256-SHA                DHE 1024 bits
Accepted  TLSv1.1  256 bits  ADH-CAMELLIA256-SHA           DHE 1024 bits
Accepted  TLSv1.1  128 bits  DHE-RSA-AES128-SHA            DHE 1024 bits
Accepted  TLSv1.1  128 bits  DHE-RSA-SEED-SHA              DHE 1024 bits
Accepted  TLSv1.1  128 bits  DHE-RSA-CAMELLIA128-SHA       DHE 1024 bits
Accepted  TLSv1.1  128 bits  ADH-AES128-SHA                DHE 1024 bits
Accepted  TLSv1.1  128 bits  ADH-SEED-SHA                  DHE 1024 bits
Accepted  TLSv1.1  128 bits  ADH-CAMELLIA128-SHA           DHE 1024 bits
Accepted  TLSv1.1  128 bits  ADH-RC4-MD5                   DHE 1024 bits
Accepted  TLSv1.1  112 bits  DHE-RSA-DES-CBC3-SHA          DHE 1024 bits
Accepted  TLSv1.1  112 bits  ADH-DES-CBC3-SHA              DHE 1024 bits
Preferred TLSv1.0  256 bits  DHE-RSA-AES256-SHA            DHE 1024 bits
Accepted  TLSv1.0  256 bits  DHE-RSA-CAMELLIA256-SHA       DHE 1024 bits
Accepted  TLSv1.0  256 bits  ADH-AES256-SHA                DHE 1024 bits
Accepted  TLSv1.0  256 bits  ADH-CAMELLIA256-SHA           DHE 1024 bits
Accepted  TLSv1.0  128 bits  DHE-RSA-AES128-SHA            DHE 1024 bits
Accepted  TLSv1.0  128 bits  DHE-RSA-SEED-SHA              DHE 1024 bits
Accepted  TLSv1.0  128 bits  DHE-RSA-CAMELLIA128-SHA       DHE 1024 bits
Accepted  TLSv1.0  128 bits  ADH-AES128-SHA                DHE 1024 bits
Accepted  TLSv1.0  128 bits  ADH-SEED-SHA                  DHE 1024 bits
Accepted  TLSv1.0  128 bits  ADH-CAMELLIA128-SHA           DHE 1024 bits
Accepted  TLSv1.0  128 bits  ADH-RC4-MD5                   DHE 1024 bits
Accepted  TLSv1.0  112 bits  DHE-RSA-DES-CBC3-SHA          DHE 1024 bits
Accepted  TLSv1.0  112 bits  ADH-DES-CBC3-SHA              DHE 1024 bits

  SSL Certificate:
Signature Algorithm: sha256WithRSAEncryption
RSA Key Strength:    2048

Subject:  /C=XX/L=Default City/O=Default Company Ltd
Issuer:   /C=XX/L=Default City/O=Default Company Ltd
Not valid before: Mar  4 06:08:47 2021 GMT
Not valid after:  Apr  3 06:08:47 2021 GMT
