Version: 2.0.8-static
OpenSSL 1.1.1k-dev  xx XXX xxxx

Connected to 172.19.0.2

Testing SSL server 172.19.0.2 on port 443 using SNI name 172.19.0.2

  SSL/TLS Protocols:
SSLv2     disabled
SSLv3     disabled
TLSv1.0   enabled
TLSv1.1   enabled
TLSv1.2   enabled
TLSv1.3   disabled

  TLS Fallback SCSV:
Server supports TLS Fallback SCSV

  TLS renegotiation:
Secure session renegotiation supported

  TLS Compression:
Compression disabled

  Heartbleed:
TLSv1.2 not vulnerable to heartbleed
TLSv1.1 not vulnerable to heartbleed
TLSv1.0 not vulnerable to heartbleed

  Supported Server Cipher(s):
Preferred TLSv1.2  256 bits  ECDHE-RSA-AES256-GCM-SHA384   Curve P-256 DHE 256
Accepted  TLSv1.2  256 bits  ECDHE-RSA-AES256-SHA384       Curve P-256 DHE 256
Accepted  TLSv1.2  256 bits  ECDHE-RSA-AES256-SHA          Curve P-256 DHE 256
Accepted  TLSv1.2  256 bits  DHE-RSA-AES256-GCM-SHA384     DHE 2048 bits
Accepted  TLSv1.2  256 bits  DHE-RSA-AES256-SHA256         DHE 2048 bits
Accepted  TLSv1.2  256 bits  DHE-RSA-AES256-SHA            DHE 2048 bits
Accepted  TLSv1.2  256 bits  DHE-RSA-CAMELLIA256-SHA       DHE 2048 bits
Accepted  TLSv1.2  256 bits  AES256-GCM-SHA384            
Accepted  TLSv1.2  256 bits  AES256-SHA256                
Accepted  TLSv1.2  256 bits  AES256-SHA                   
Accepted  TLSv1.2  256 bits  CAMELLIA256-SHA              
Accepted  TLSv1.2  128 bits  ECDHE-RSA-AES128-GCM-SHA256   Curve P-256 DHE 256
Accepted  TLSv1.2  128 bits  ECDHE-RSA-AES128-SHA256       Curve P-256 DHE 256
Accepted  TLSv1.2  128 bits  ECDHE-RSA-AES128-SHA          Curve P-256 DHE 256
Accepted  TLSv1.2  128 bits  DHE-RSA-AES128-GCM-SHA256     DHE 2048 bits
Accepted  TLSv1.2  128 bits  DHE-RSA-AES128-SHA256         DHE 2048 bits
Accepted  TLSv1.2  128 bits  DHE-RSA-AES128-SHA            DHE 2048 bits
Accepted  TLSv1.2  128 bits  DHE-RSA-CAMELLIA128-SHA       DHE 2048 bits
Accepted  TLSv1.2  128 bits  AES128-GCM-SHA256            
Accepted  TLSv1.2  128 bits  AES128-SHA256                
Accepted  TLSv1.2  128 bits  AES128-SHA                   
Accepted  TLSv1.2  128 bits  CAMELLIA128-SHA              
Accepted  TLSv1.2  112 bits  ECDHE-RSA-DES-CBC3-SHA        Curve P-256 DHE 256
Accepted  TLSv1.2  112 bits  DHE-RSA-DES-CBC3-SHA          DHE 2048 bits
Accepted  TLSv1.2  112 bits  DES-CBC3-SHA                 
Preferred TLSv1.1  256 bits  ECDHE-RSA-AES256-SHA          Curve P-256 DHE 256
Accepted  TLSv1.1  256 bits  DHE-RSA-AES256-SHA            DHE 2048 bits
Accepted  TLSv1.1  256 bits  DHE-RSA-CAMELLIA256-SHA       DHE 2048 bits
Accepted  TLSv1.1  256 bits  AES256-SHA                   
Accepted  TLSv1.1  256 bits  CAMELLIA256-SHA              
Accepted  TLSv1.1  128 bits  ECDHE-RSA-AES128-SHA          Curve P-256 DHE 256
Accepted  TLSv1.1  128 bits  DHE-RSA-AES128-SHA            DHE 2048 bits
Accepted  TLSv1.1  128 bits  DHE-RSA-CAMELLIA128-SHA       DHE 2048 bits
Accepted  TLSv1.1  128 bits  AES128-SHA                   
Accepted  TLSv1.1  128 bits  CAMELLIA128-SHA              
Accepted  TLSv1.1  112 bits  ECDHE-RSA-DES-CBC3-SHA        Curve P-256 DHE 256
Accepted  TLSv1.1  112 bits  DHE-RSA-DES-CBC3-SHA          DHE 2048 bits
Accepted  TLSv1.1  112 bits  DES-CBC3-SHA                 
Preferred TLSv1.0  256 bits  ECDHE-RSA-AES256-SHA          Curve P-256 DHE 256
Accepted  TLSv1.0  256 bits  DHE-RSA-AES256-SHA            DHE 2048 bits
Accepted  TLSv1.0  256 bits  DHE-RSA-CAMELLIA256-SHA       DHE 2048 bits
Accepted  TLSv1.0  256 bits  AES256-SHA                   
Accepted  TLSv1.0  256 bits  CAMELLIA256-SHA              
Accepted  TLSv1.0  128 bits  ECDHE-RSA-AES128-SHA          Curve P-256 DHE 256
Accepted  TLSv1.0  128 bits  DHE-RSA-AES128-SHA            DHE 2048 bits
Accepted  TLSv1.0  128 bits  DHE-RSA-CAMELLIA128-SHA       DHE 2048 bits
Accepted  TLSv1.0  128 bits  AES128-SHA                   
Accepted  TLSv1.0  128 bits  CAMELLIA128-SHA              
Accepted  TLSv1.0  112 bits  ECDHE-RSA-DES-CBC3-SHA        Curve P-256 DHE 256
Accepted  TLSv1.0  112 bits  DHE-RSA-DES-CBC3-SHA          DHE 2048 bits
Accepted  TLSv1.0  112 bits  DES-CBC3-SHA                 

  Server Key Exchange Group(s):
TLSv1.2  128 bits  secp256k1
TLSv1.2  128 bits  secp256r1 (NIST P-256)
TLSv1.2  192 bits  secp384r1 (NIST P-384)
TLSv1.2  260 bits  secp521r1 (NIST P-521)

  SSL Certificate:
Signature Algorithm: sha256WithRSAEncryption
RSA Key Strength:    2048

Subject:  /C=XX/L=Default City/O=Default Company Ltd
Issuer:   /C=XX/L=Default City/O=Default Company Ltd
Not valid before: Mar  4 06:08:47 2021 GMT
Not valid after:  Apr  3 06:08:47 2021 GMT

