# SSLCipherSuite MEDIUM:aNULL
# SSLProtocol all -SSLv2 -SSLv3 -TLS1.1 -TLS1.2
Version: 2.0.8-static
OpenSSL 1.1.1k-dev  xx XXX xxxx

Connected to 172.X.X.1

Testing SSL server 172.X.X.1 on port 4443 using SNI name 172.18.0.1

  SSL/TLS Protocols:
SSLv2     disabled
SSLv3     disabled
TLSv1.0   enabled
TLSv1.1   disabled
TLSv1.2   disabled
TLSv1.3   disabled

  TLS Fallback SCSV:
Server does not support TLS Fallback SCSV

  TLS renegotiation:
Secure session renegotiation supported

  TLS Compression:
Compression disabled

  Heartbleed:
TLSv1.0 not vulnerable to heartbleed

  Supported Server Cipher(s):
Preferred TLSv1.0  128 bits  DHE-RSA-SEED-SHA              DHE 2048 bits
Accepted  TLSv1.0  128 bits  ADH-SEED-SHA                  DHE 2048 bits
Accepted  TLSv1.0  128 bits  SEED-SHA                     
Accepted  TLSv1.0  112 bits  ECDHE-RSA-DES-CBC3-SHA        Curve P-256 DHE 256
Accepted  TLSv1.0  112 bits  DHE-RSA-DES-CBC3-SHA          DHE 2048 bits
Accepted  TLSv1.0  112 bits  AECDH-DES-CBC3-SHA            Curve P-256 DHE 256
Accepted  TLSv1.0  112 bits  ADH-DES-CBC3-SHA              DHE 2048 bits
Accepted  TLSv1.0  112 bits  DES-CBC3-SHA                 
Accepted  TLSv1.0  128 bits  IDEA-CBC-SHA                 
Accepted  TLSv1.0  128 bits  ECDHE-RSA-RC4-SHA             Curve P-256 DHE 256
Accepted  TLSv1.0  128 bits  AECDH-RC4-SHA                 Curve P-256 DHE 256
Accepted  TLSv1.0  128 bits  ADH-RC4-MD5                   DHE 2048 bits
Accepted  TLSv1.0  128 bits  RC4-SHA                      
Accepted  TLSv1.0  128 bits  RC4-MD5                      
Accepted  TLSv1.0  256 bits  AECDH-AES256-SHA              Curve P-256 DHE 256
Accepted  TLSv1.0  256 bits  ADH-AES256-SHA                DHE 2048 bits
Accepted  TLSv1.0  256 bits  ADH-CAMELLIA256-SHA           DHE 2048 bits
Accepted  TLSv1.0  128 bits  AECDH-AES128-SHA              Curve P-256 DHE 256
Accepted  TLSv1.0  128 bits  ADH-AES128-SHA                DHE 2048 bits
Accepted  TLSv1.0  128 bits  ADH-CAMELLIA128-SHA           DHE 2048 bits
Accepted  TLSv1.0  0 bits    AECDH-NULL-SHA                Curve P-256 DHE 256

  SSL Certificate:
Signature Algorithm: sha256WithRSAEncryption
RSA Key Strength:    2048

Subject:  /C=XX/L=Default City/O=Default Company Ltd
Issuer:   /C=XX/L=Default City/O=Default Company Ltd
Not valid before: Mar  4 06:08:47 2021 GMT
Not valid after:  Apr  3 06:08:47 2021 GMT

