Version: 2.0.9-static
OpenSSL 1.1.1k  25 Mar 2021

Connected to 127.0.0.1

Testing SSL server dh-test.com on port 4443 using SNI name dh-test.com

  SSL/TLS Protocols:
SSLv2     disabled
SSLv3     disabled
TLSv1.0   disabled
TLSv1.1   disabled
TLSv1.2   enabled
TLSv1.3   enabled

  Supported Server Cipher(s):
Preferred TLSv1.3  256 bits  TLS_AES_256_GCM_SHA384       
Accepted  TLSv1.3  256 bits  TLS_CHACHA20_POLY1305_SHA256 
Accepted  TLSv1.3  128 bits  TLS_AES_128_GCM_SHA256       
Accepted  TLSv1.3  128 bits  TLS_AES_128_CCM_SHA256       
Preferred TLSv1.2  256 bits  ECDHE-RSA-AES256-GCM-SHA384  
Accepted  TLSv1.2  256 bits  ECDHE-RSA-CHACHA20-POLY1305  
Accepted  TLSv1.2  128 bits  ECDHE-RSA-AES128-GCM-SHA256  
Accepted  TLSv1.2  128 bits  ECDHE-RSA-AES128-SHA256      
Accepted  TLSv1.2  256 bits  ECDHE-RSA-AES256-SHA         
Accepted  TLSv1.2  128 bits  ECDHE-RSA-AES128-SHA         
Accepted  TLSv1.2  256 bits  AES256-GCM-SHA384            
Accepted  TLSv1.2  256 bits  AES256-CCM                   
Accepted  TLSv1.2  128 bits  AES128-GCM-SHA256            
Accepted  TLSv1.2  128 bits  AES128-CCM                   
Accepted  TLSv1.2  256 bits  AES256-SHA256                
Accepted  TLSv1.2  128 bits  AES128-SHA256                
Accepted  TLSv1.2  256 bits  AES256-SHA                   
Accepted  TLSv1.2  128 bits  AES128-SHA                   
Accepted  TLSv1.2  256 bits  DHE-RSA-AES256-GCM-SHA384    
Accepted  TLSv1.2  256 bits  DHE-RSA-CHACHA20-POLY1305    
Accepted  TLSv1.2  256 bits  DHE-RSA-AES256-CCM           
Accepted  TLSv1.2  128 bits  DHE-RSA-AES128-GCM-SHA256    
Accepted  TLSv1.2  128 bits  DHE-RSA-AES128-CCM           
Accepted  TLSv1.2  256 bits  DHE-RSA-AES256-SHA256        
Accepted  TLSv1.2  128 bits  DHE-RSA-AES128-SHA256        
Accepted  TLSv1.2  256 bits  DHE-RSA-AES256-SHA           
Accepted  TLSv1.2  128 bits  DHE-RSA-AES128-SHA           

  SSL Certificate:
Signature Algorithm: sha256WithRSAEncryption
RSA Key Strength:    2048

Subject:  27a64758d4b9
Altnames: DNS:27a64758d4b9
Issuer:   27a64758d4b9

Not valid before: May 31 07:34:22 2021 GMT
Not valid after:  Jun  5 09:14:22 2022 GMT
