Version: 2.0.9-static
OpenSSL 1.1.1k  25 Mar 2021

Connected to 127.0.0.1

Testing SSL server dh-test.com on port 4443 using SNI name dh-test.com

  SSL/TLS Protocols:
SSLv2     disabled
SSLv3     disabled
TLSv1.0   disabled
TLSv1.1   disabled
TLSv1.2   enabled
TLSv1.3   enabled

  Supported Server Cipher(s):
Preferred TLSv1.3  256 bits  TLS_AES_256_GCM_SHA384       
Accepted  TLSv1.3  256 bits  TLS_CHACHA20_POLY1305_SHA256 
Accepted  TLSv1.3  128 bits  TLS_AES_128_GCM_SHA256       
Accepted  TLSv1.3  128 bits  TLS_AES_128_CCM_SHA256       
Preferred TLSv1.2  128 bits  DHE-RSA-SEED-SHA             
Accepted  TLSv1.2  128 bits  SEED-SHA                     
Accepted  TLSv1.2  112 bits  TLS_ECDHE_RSA_WITH_3DES_EDE_CBC_SHA
Accepted  TLSv1.2  112 bits  TLS_DHE_RSA_WITH_3DES_EDE_CBC_SHA
Accepted  TLSv1.2  112 bits  TLS_RSA_WITH_3DES_EDE_CBC_SHA

  SSL Certificate:
Signature Algorithm: sha256WithRSAEncryption
RSA Key Strength:    2048

Subject:  dh-test.com
Issuer:   dh-test.com

Not valid before: May 11 06:30:26 2021 GMT
Not valid after:  May 11 06:30:26 2022 GMT
