# Nmap 7.80 scan initiated Tue Mar  9 12:00:48 2021 as: nmap -sV --script ssl-enum-ciphers -p 4443 -oN nmap_medium_not_anull.log 172.19.0.1
Nmap scan report for TP-X250 (172.19.0.1)
Host is up (0.00010s latency).

PORT     STATE SERVICE     VERSION
4443/tcp open  ssl/pharos?
| ssl-enum-ciphers: 
|   TLSv1.0: 
|     ciphers: 
|       TLS_DHE_RSA_WITH_SEED_CBC_SHA (dh 2048) - A
|       TLS_RSA_WITH_SEED_CBC_SHA (rsa 2048) - A
|       TLS_ECDHE_RSA_WITH_3DES_EDE_CBC_SHA (secp256r1) - C
|       TLS_DHE_RSA_WITH_3DES_EDE_CBC_SHA (dh 2048) - C
|       TLS_RSA_WITH_3DES_EDE_CBC_SHA (rsa 2048) - C
|       TLS_RSA_WITH_IDEA_CBC_SHA (rsa 2048) - A
|       TLS_ECDHE_RSA_WITH_RC4_128_SHA (secp256r1) - C
|       TLS_RSA_WITH_RC4_128_SHA (rsa 2048) - C
|       TLS_RSA_WITH_RC4_128_MD5 (rsa 2048) - C
|     compressors: 
|       NULL
|     cipher preference: server
|     warnings: 
|       64-bit block cipher 3DES vulnerable to SWEET32 attack
|       64-bit block cipher IDEA vulnerable to SWEET32 attack
|       Broken cipher RC4 is deprecated by RFC 7465
|       Ciphersuite uses MD5 for message integrity
|_  least strength: C

Service detection performed. Please report any incorrect results at https://nmap.org/submit/ .
# Nmap done at Tue Mar  9 12:01:02 2021 -- 1 IP address (1 host up) scanned in 14.49 seconds
